[2024-12-17 10:28:29.326] [info] Zonation 5 v2.1
[2024-12-17 10:28:29.433] [info] Arguments given: --gui --mode=ABF 0.25 -wb C:/Users/USUARIO/Documentos/GitHub/BiodiversityFacets/Spatial_Data/Zonation/project.spp C:/Users/USUARIO/Documentos/GitHub/BiodiversityFacets/Spatial_Data
[2024-12-17 10:28:29.524] [info] Using 8-bit quantization
[2024-12-17 10:28:29.552] [info] Using 4 threads for computation
[2024-12-17 10:28:29.553] [info] Loading project "C:/Users/USUARIO/Documentos/GitHub/BiodiversityFacets/Spatial_Data/Zonation/project.spp"
[2024-12-17 10:28:29.570] [info] Using setting: feature list file = C:/Users/USUARIO/Documentos/GitHub/BiodiversityFacets/Spatial_Data/Zonation/feature_list_TD.txt
[2024-12-17 10:28:29.577] [info] Using default setting: curves output interval = 9.99999975e-05
[2024-12-17 10:28:29.583] [info] Using default setting: max iterations = 500
[2024-12-17 10:28:29.589] [info] Using default setting: mean ranking error threshold = 0.00999999978
[2024-12-17 10:28:29.591] [info] Using default setting: smoothing factor = 0
[2024-12-17 10:28:29.594] [info] Using default setting: stop on plateau = 0
[2024-12-17 10:28:29.598] [info] Using default setting: zero mode = all
[2024-12-17 10:28:29.601] [info] Using default setting: stop after preprocessing = 0
[2024-12-17 10:28:29.603] [info] Using default setting: quantization error warning threshold = 20
[2024-12-17 10:28:29.605] [info] Loading feature layer information from "C:\Users\USUARIO\Documentos\GitHub\BiodiversityFacets\Spatial_Data\Zonation\feature_list_TD.txt"
[2024-12-17 10:28:29.625] [info] Validating project
[2024-12-17 10:28:29.632] [info] Reading layer data
[2024-12-17 10:28:29.686] [info] Gathering data statistics
[2024-12-17 10:28:29.693] [info] Map dimensions (width * height): 115*96
[2024-12-17 10:28:29.696] [info] Number of grid cells in map (width * height): 11040
[2024-12-17 10:28:29.708] [info] Number of grid cells in map with data: 3801
[2024-12-17 10:28:29.714] [info] Feature layer count: 1
[2024-12-17 10:28:29.727] [info] Positive weight feature count: 1
[2024-12-17 10:28:29.732] [info] Negative weight feature count: 0
[2024-12-17 10:28:29.739] [info] Zero weight feature count: 0
[2024-12-17 10:28:29.748] [info] Total number of pixels with data across features: 3801
[2024-12-17 10:28:29.761] [info] Reading feature layers
[2024-12-17 10:28:29.768] [info] Mean feature extent across study area: 90.40%
[2024-12-17 10:28:29.771] [info] Memory usage of feature data: 51.91KB
[2024-12-17 10:28:29.780] [info] Mean quantization error: 0.169797%
[2024-12-17 10:28:29.796] [info] Time used to read and preprocess layer data: 0s
[2024-12-17 10:28:29.798] [info] Writing preprocessing outputs
[2024-12-17 10:28:29.809] [info] Writing richness.pos.tif
[2024-12-17 10:28:29.821] [info] Writing rsr.pos.tif
[2024-12-17 10:28:29.840] [info] Writing richness.pos.weighted.tif
[2024-12-17 10:28:29.850] [info] Writing rsr.pos.weighted.tif
[2024-12-17 10:28:29.873] [info] Computing priority rank
[2024-12-17 10:28:29.875] [info] Iteration 0, mean ranking error 0.0%, mean rank change 0.0%
[2024-12-17 10:28:29.901] [info] Time used in prioritization: 0s
[2024-12-17 10:28:29.907] [info] Number of iterations: 1
[2024-12-17 10:28:29.917] [info] Final convergence level: 0.0%
[2024-12-17 10:28:29.926] [info] Area under curve: 0.712205
[2024-12-17 10:28:29.934] [info] Writing feature info
[2024-12-17 10:28:29.940] [info] Writing feature curves
[2024-12-17 10:28:29.992] [info] Writing priority rank map
[2024-12-17 10:28:30.003] [info] Total time used: 0s
[2024-12-17 10:28:30.011] [info] Number of errors: 0
[2024-12-17 10:28:30.020] [info] Number of warnings: 0
[2024-12-17 10:28:30.033] [info] Done
