[2024-12-20 09:58:14.169] [info] Zonation 5 v2.1
[2024-12-20 09:58:14.253] [info] Arguments given: --gui --mode=CAZ2 -wb C:/Users/USUARIO/Documentos/GitHub/BiodiversityFacets/Spatial_Data/Zonation/project.spp C:/Users/USUARIO/Documentos/GitHub/BiodiversityFacets/Spatial_Data/Zonation
[2024-12-20 09:58:14.291] [info] Using 8-bit quantization
[2024-12-20 09:58:14.306] [info] Using 4 threads for computation
[2024-12-20 09:58:14.321] [info] Loading project "C:/Users/USUARIO/Documentos/GitHub/BiodiversityFacets/Spatial_Data/Zonation/project.spp"
[2024-12-20 09:58:14.330] [info] Using setting: feature list file = C:/Users/USUARIO/Documentos/GitHub/BiodiversityFacets/Spatial_Data/Zonation/feature_list_PD.txt
[2024-12-20 09:58:14.344] [info] Using default setting: curves output interval = 9.99999975e-05
[2024-12-20 09:58:14.351] [info] Using default setting: max iterations = 500
[2024-12-20 09:58:14.356] [info] Using default setting: mean ranking error threshold = 0.00999999978
[2024-12-20 09:58:14.367] [info] Using default setting: smoothing factor = 0
[2024-12-20 09:58:14.374] [info] Using default setting: stop on plateau = 0
[2024-12-20 09:58:14.374] [info] Using default setting: zero mode = all
[2024-12-20 09:58:14.377] [info] Using default setting: stop after preprocessing = 0
[2024-12-20 09:58:14.378] [info] Using default setting: quantization error warning threshold = 20
[2024-12-20 09:58:14.381] [info] Loading feature layer information from "C:\Users\USUARIO\Documentos\GitHub\BiodiversityFacets\Spatial_Data\Zonation\feature_list_PD.txt"
[2024-12-20 09:58:14.403] [info] Validating project
[2024-12-20 09:58:14.410] [info] Reading layer data
[2024-12-20 09:58:14.451] [info] Gathering data statistics
[2024-12-20 09:58:14.472] [info] Map dimensions (width * height): 115*96
[2024-12-20 09:58:14.477] [info] Number of grid cells in map (width * height): 11040
[2024-12-20 09:58:14.482] [info] Number of grid cells in map with data: 3801
[2024-12-20 09:58:14.493] [info] Feature layer count: 1
[2024-12-20 09:58:14.503] [info] Positive weight feature count: 1
[2024-12-20 09:58:14.513] [info] Negative weight feature count: 0
[2024-12-20 09:58:14.519] [info] Zero weight feature count: 0
[2024-12-20 09:58:14.528] [info] Total number of pixels with data across features: 3801
[2024-12-20 09:58:14.540] [info] Reading feature layers
[2024-12-20 09:58:14.549] [info] Mean feature extent across study area: 99.95%
[2024-12-20 09:58:14.555] [info] Memory usage of feature data: 51.91KB
[2024-12-20 09:58:14.566] [info] Mean quantization error: 0.00201960%
[2024-12-20 09:58:14.576] [info] Time used to read and preprocess layer data: 0s
[2024-12-20 09:58:14.581] [info] Writing preprocessing outputs
[2024-12-20 09:58:14.590] [info] Writing richness.pos.tif
[2024-12-20 09:58:14.606] [info] Writing rsr.pos.tif
[2024-12-20 09:58:14.622] [info] Writing richness.pos.weighted.tif
[2024-12-20 09:58:14.638] [info] Writing rsr.pos.weighted.tif
[2024-12-20 09:58:14.663] [info] Computing priority rank
[2024-12-20 09:58:14.666] [info] Iteration 0, mean ranking error 0.0%, mean rank change 0.0%
[2024-12-20 09:58:14.690] [info] Time used in prioritization: 0s
[2024-12-20 09:58:14.696] [info] Number of iterations: 1
[2024-12-20 09:58:14.703] [info] Final convergence level: 0.0%
[2024-12-20 09:58:14.714] [info] Area under curve: 0.590610
[2024-12-20 09:58:14.726] [info] Writing feature info
[2024-12-20 09:58:14.734] [info] Writing feature curves
[2024-12-20 09:58:14.781] [info] Writing priority rank map
[2024-12-20 09:58:14.795] [info] Total time used: 0s
[2024-12-20 09:58:14.800] [info] Number of errors: 0
[2024-12-20 09:58:14.808] [info] Number of warnings: 0
[2024-12-20 09:58:14.823] [info] Done
